[debug] [2022-02-05T15:26:38.481Z] ----------------------------------------------------------------------
[debug] [2022-02-05T15:26:38.484Z] Command:       C:\Program Files\nodejs\node.exe C:\Users\aysha\AppData\Roaming\npm\node_modules\firebase-tools\lib\bin\firebase.js init
[debug] [2022-02-05T15:26:38.485Z] CLI Version:   10.0.1
[debug] [2022-02-05T15:26:38.486Z] Platform:      win32
[debug] [2022-02-05T15:26:38.486Z] Node Version:  v16.13.1
[debug] [2022-02-05T15:26:38.488Z] Time:          Sat Feb 05 2022 20:56:38 GMT+0530 (India Standard Time)
[debug] [2022-02-05T15:26:38.488Z] ----------------------------------------------------------------------
[debug] 
[debug] [2022-02-05T15:26:38.503Z] > command requires scopes: ["email","openid","https://www.googleapis.com/auth/cloudplatformprojects.readonly","https://www.googleapis.com/auth/firebase","https://www.googleapis.com/auth/cloud-platform"]
[debug] [2022-02-05T15:26:38.504Z] > authorizing via signed-in user (ayshafidhakr@gmail.com)
[info] 
     ######## #### ########  ######## ########     ###     ######  ########
     ##        ##  ##     ## ##       ##     ##  ##   ##  ##       ##
     ######    ##  ########  ######   ########  #########  ######  ######
     ##        ##  ##    ##  ##       ##     ## ##     ##       ## ##
     ##       #### ##     ## ######## ########  ##     ##  ######  ########

You're about to initialize a Firebase project in this directory:

  C:\miniweb\new project

Before we get started, keep in mind:

  * You are currently outside your home directory

[info] 
=== Project Setup
[info] 
[info] First, let's associate this project directory with a Firebase project.
[info] You can create multiple project aliases by running firebase use --add, 
[info] but for now we'll just set up a default project.
[info] 
[debug] [2022-02-05T15:27:12.693Z] > refreshing access token with scopes: []
[debug] [2022-02-05T15:27:12.694Z] >>> HTTP REQUEST POST https://www.googleapis.com/oauth2/v3/token  
 <request body omitted>
[debug] [2022-02-05T15:27:13.401Z] <<< HTTP RESPONSE 200 {"cache-control":"no-cache, no-store, max-age=0, must-revalidate","expires":"Mon, 01 Jan 1990 00:00:00 GMT","date":"Sat, 05 Feb 2022 15:27:13 GMT","pragma":"no-cache","content-type":"application/json; charset=utf-8","vary":"X-Origin, Referer, Origin,Accept-Encoding","server":"scaffolding on HTTPServer2","x-xss-protection":"0","x-frame-options":"SAMEORIGIN","x-content-type-options":"nosniff","alt-svc":"h3=\":443\"; ma=2592000,h3-29=\":443\"; ma=2592000,h3-Q050=\":443\"; ma=2592000,h3-Q046=\":443\"; ma=2592000,h3-Q043=\":443\"; ma=2592000,quic=\":443\"; ma=2592000; v=\"46,43\"","accept-ranges":"none","transfer-encoding":"chunked"}
[debug] [2022-02-05T15:27:13.434Z] >>> [apiv2][query] GET https://firebase.googleapis.com/v1beta1/projects pageSize=100
[debug] [2022-02-05T15:27:14.471Z] <<< [apiv2][status] GET https://firebase.googleapis.com/v1beta1/projects 200
[debug] [2022-02-05T15:27:14.472Z] <<< [apiv2][body] GET https://firebase.googleapis.com/v1beta1/projects [omitted]
[info] i  Using project miniweb-project (miniweb project) 
[info] 
=== Hosting Setup
[info] 
[info] Your public directory is the folder (relative to your project directory) that
[info] will contain Hosting assets to be uploaded with firebase deploy. If you
[info] have a build process for your assets, use your build's output directory.
[info] 
[info] +  Wrote y/404.html 
[debug] [2022-02-05T15:31:16.481Z] >>> [apiv2][query] GET https://www.gstatic.com/firebasejs/releases.json [none]
[debug] [2022-02-05T15:31:17.041Z] <<< [apiv2][status] GET https://www.gstatic.com/firebasejs/releases.json 200
[debug] [2022-02-05T15:31:17.042Z] <<< [apiv2][body] GET https://www.gstatic.com/firebasejs/releases.json {"current":{"version":"9.6.6","browserURL":"https://www.gstatic.com/firebasejs/9.6.6/firebase.js","packageURL":"https://www.gstatic.com/firebasejs/9.6.6/firebase.tgz"},"live":{"version":"9.6","browserURL":"https://www.gstatic.com/firebasejs/live/9.6/firebase.js","packageURL":"https://www.gstatic.com/firebasejs/live/9.6/firebase.tgz"},"components":{"analytics":"https://www.gstatic.com/firebasejs/9.6.6/firebase-analytics.js","app":"https://www.gstatic.com/firebasejs/9.6.6/firebase-app.js","app-check":"https://www.gstatic.com/firebasejs/9.6.6/firebase-app-check.js","auth":"https://www.gstatic.com/firebasejs/9.6.6/firebase-auth.js","auth/cordova":"https://www.gstatic.com/firebasejs/9.6.6/firebase-auth/cordova.js","auth/react-native":"https://www.gstatic.com/firebasejs/9.6.6/firebase-auth/react-native.js","functions":"https://www.gstatic.com/firebasejs/9.6.6/firebase-functions.js","firestore":"https://www.gstatic.com/firebasejs/9.6.6/firebase-firestore.js","firestore/lite":"https://www.gstatic.com/firebasejs/9.6.6/firebase-firestore/lite.js","storage":"https://www.gstatic.com/firebasejs/9.6.6/firebase-storage.js","performance":"https://www.gstatic.com/firebasejs/9.6.6/firebase-performance.js","remote-config":"https://www.gstatic.com/firebasejs/9.6.6/firebase-remote-config.js","messaging":"https://www.gstatic.com/firebasejs/9.6.6/firebase-messaging.js","messaging/sw":"https://www.gstatic.com/firebasejs/9.6.6/firebase-messaging/sw.js","database":"https://www.gstatic.com/firebasejs/9.6.6/firebase-database.js","firestore.memory":"https://www.gstatic.com/firebasejs/9.6.6/firebase-firestore.memory.js"}}
[info] +  Wrote y/index.html 
[info] 
[info] i  Writing configuration info to firebase.json... 
[info] i  Writing project information to .firebaserc... 
[info] i  Writing gitignore file to .gitignore... 
[info] 
[info] +  Firebase initialization complete! 
